[1015/205634.727:ERROR:directory_reader_win.cc(43)] FindFirstFile: The system cannot find the path specified. (0x3)
[1016/093801.920:ERROR:directory_reader_win.cc(43)] FindFirstFile: The system cannot find the path specified. (0x3)
[1017/000714.031:ERROR:process_reader_win.cc(123)] NtOpenThread: {Access Denied} A process has requested access to an object, but has not been granted those access rights. (0xc0000022)
[1017/000714.032:ERROR:exception_snapshot_win.cc(99)] thread ID 22388 not found in process
[1017/000714.033:ERROR:process_reader_win.cc(123)] NtOpenThread: {Access Denied} A process has requested access to an object, but has not been granted those access rights. (0xc0000022)
[1017/000714.033:ERROR:exception_snapshot_win.cc(99)] thread ID 21212 not found in process
[1017/000714.031:ERROR:process_reader_win.cc(123)] NtOpenThread: {Access Denied} A process has requested access to an object, but has not been granted those access rights. (0xc0000022)
[1017/000714.037:ERROR:exception_snapshot_win.cc(99)] thread ID 12728 not found in process
[1017/000714.043:ERROR:process_reader_win.cc(123)] NtOpenThread: {Access Denied} A process has requested access to an object, but has not been granted those access rights. (0xc0000022)
[1017/000714.044:ERROR:exception_snapshot_win.cc(99)] thread ID 16356 not found in process
[1017/000714.046:ERROR:process_reader_win.cc(123)] NtOpenThread: {Access Denied} A process has requested access to an object, but has not been granted those access rights. (0xc0000022)
[1017/000714.046:ERROR:exception_snapshot_win.cc(99)] thread ID 9776 not found in process
[1017/000714.057:ERROR:process_reader_win.cc(151)] SuspendThread: Access is denied. (0x5)
[1017/000714.057:ERROR:process_reader_win.cc(151)] SuspendThread: Access is denied. (0x5)
[1017/000714.057:ERROR:process_reader_win.cc(151)] SuspendThread: Access is denied. (0x5)
[1017/000714.057:ERROR:process_reader_win.cc(151)] SuspendThread: Access is denied. (0x5)
[1017/000714.057:ERROR:process_reader_win.cc(151)] SuspendThread: Access is denied. (0x5)
[1017/000714.057:ERROR:process_reader_win.cc(151)] SuspendThread: Access is denied. (0x5)
[1017/000714.057:ERROR:process_reader_win.cc(151)] SuspendThread: Access is denied. (0x5)
[1017/000714.057:ERROR:process_reader_win.cc(151)] SuspendThread: Access is denied. (0x5)
[1017/000714.057:ERROR:process_reader_win.cc(151)] SuspendThread: Access is denied. (0x5)
[1017/000714.057:ERROR:process_reader_win.cc(151)] SuspendThread: Access is denied. (0x5)
[1017/000714.057:ERROR:process_reader_win.cc(151)] SuspendThread: Access is denied. (0x5)
[1017/000714.057:ERROR:process_reader_win.cc(151)] SuspendThread: Access is denied. (0x5)
[1017/000714.058:ERROR:process_reader_win.cc(123)] NtOpenThread: {Access Denied} A process has requested access to an object, but has not been granted those access rights. (0xc0000022)
[1017/000714.058:ERROR:process_reader_win.cc(151)] SuspendThread: Access is denied. (0x5)
[1017/000714.058:ERROR:process_reader_win.cc(151)] SuspendThread: Access is denied. (0x5)
[1017/000714.058:ERROR:exception_snapshot_win.cc(99)] thread ID 18848 not found in process
[1017/000714.058:ERROR:process_reader_win.cc(151)] SuspendThread: Access is denied. (0x5)
[1017/000714.058:ERROR:process_reader_win.cc(123)] NtOpenThread: {Access Denied} A process has requested access to an object, but has not been granted those access rights. (0xc0000022)
[1017/000714.058:ERROR:exception_snapshot_win.cc(99)] thread ID 5460 not found in process
[1017/000714.060:ERROR:process_reader_win.cc(123)] NtOpenThread: {Access Denied} A process has requested access to an object, but has not been granted those access rights. (0xc0000022)
[1017/000714.060:ERROR:exception_snapshot_win.cc(99)] thread ID 3016 not found in process
[1017/000714.112:ERROR:process_info.cc(329)] VirtualQueryEx: Access is denied. (0x5)
[1017/000714.112:ERROR:process_info.cc(556)] ReadMemoryInfo failed
[1017/000714.112:ERROR:process_memory_win.cc(39)] Failed to initialize ProcessInfo.
[1017/000714.113:ERROR:scoped_process_suspend.cc(40)] NtResumeProcess: An attempt was made to access an exiting process. (0xc000010a)
[1018/161841.012:ERROR:directory_reader_win.cc(43)] FindFirstFile: The system cannot find the path specified. (0x3)
[1019/121549.415:ERROR:directory_reader_win.cc(43)] FindFirstFile: The system cannot find the path specified. (0x3)
[1019/124228.304:ERROR:directory_reader_win.cc(43)] FindFirstFile: The system cannot find the path specified. (0x3)
[1020/133726.683:ERROR:directory_reader_win.cc(43)] FindFirstFile: The system cannot find the path specified. (0x3)
